<?xml version="1.0" encoding="UTF-8"?>
<testng-results ignored="0" total="4" passed="4" failed="0" skipped="0">
  <reporter-output>
  </reporter-output>
  <suite started-at="2024-01-10T17:54:01 IST" name="Default suite" finished-at="2024-01-10T17:54:10 IST" duration-ms="8855">
    <groups>
      <group name="cucumber">
        <method signature="AbstractTestNGCucumberTests.runScenario(io.cucumber.testng.PickleWrapper,io.cucumber.testng.FeatureWrapper)[pri:0, instance:TestRun.Test@6f204a1a]" name="runScenario" class="io.cucumber.testng.AbstractTestNGCucumberTests"/>
      </group> <!-- cucumber -->
    </groups>
    <test started-at="2024-01-10T17:54:01 IST" name="Default test" finished-at="2024-01-10T17:54:10 IST" duration-ms="8855">
      <class name="TestRun.Test">
        <test-method is-config="true" signature="setUpClass(org.testng.ITestContext)[pri:0, instance:TestRun.Test@6f204a1a]" started-at="2024-01-10T17:54:01 IST" name="setUpClass" finished-at="2024-01-10T17:54:01 IST" duration-ms="338" status="PASS">
          <params>
            <param index="0">
              <value>
                <![CDATA[org.testng.TestRunner@3b2c0e88]]>
              </value>
            </param>
          </params>
          <reporter-output>
          </reporter-output>
        </test-method> <!-- setUpClass -->
        <test-method signature="runScenario(io.cucumber.testng.PickleWrapper,io.cucumber.testng.FeatureWrapper)[pri:0, instance:TestRun.Test@6f204a1a]" started-at="2024-01-10T17:54:01 IST" name="runScenario" description="Runs Cucumber Scenarios" data-provider="scenarios" finished-at="2024-01-10T17:54:10 IST" duration-ms="8363" status="PASS">
          <params>
            <param index="0">
              <value>
                <![CDATA["test parallal"]]>
              </value>
            </param>
            <param index="1">
              <value>
                <![CDATA["Parallal execution with all possible way"]]>
              </value>
            </param>
          </params>
          <reporter-output>
          </reporter-output>
        </test-method> <!-- runScenario -->
        <test-method signature="runScenario(io.cucumber.testng.PickleWrapper,io.cucumber.testng.FeatureWrapper)[pri:0, instance:TestRun.Test@6f204a1a]" started-at="2024-01-10T17:54:01 IST" name="runScenario" description="Runs Cucumber Scenarios" data-provider="scenarios" finished-at="2024-01-10T17:54:10 IST" duration-ms="8363" status="PASS">
          <params>
            <param index="0">
              <value>
                <![CDATA["test parallal"]]>
              </value>
            </param>
            <param index="1">
              <value>
                <![CDATA["Parallal execution with all possible way"]]>
              </value>
            </param>
          </params>
          <reporter-output>
          </reporter-output>
        </test-method> <!-- runScenario -->
        <test-method signature="runScenario(io.cucumber.testng.PickleWrapper,io.cucumber.testng.FeatureWrapper)[pri:0, instance:TestRun.Test@6f204a1a]" started-at="2024-01-10T17:54:01 IST" name="runScenario" description="Runs Cucumber Scenarios" data-provider="scenarios" finished-at="2024-01-10T17:54:10 IST" duration-ms="8363" status="PASS">
          <params>
            <param index="0">
              <value>
                <![CDATA["test parallal"]]>
              </value>
            </param>
            <param index="1">
              <value>
                <![CDATA["Parallal execution with all possible way"]]>
              </value>
            </param>
          </params>
          <reporter-output>
          </reporter-output>
        </test-method> <!-- runScenario -->
        <test-method signature="runScenario(io.cucumber.testng.PickleWrapper,io.cucumber.testng.FeatureWrapper)[pri:0, instance:TestRun.Test@6f204a1a]" started-at="2024-01-10T17:54:01 IST" name="runScenario" description="Runs Cucumber Scenarios" data-provider="scenarios" finished-at="2024-01-10T17:54:10 IST" duration-ms="8411" status="PASS">
          <params>
            <param index="0">
              <value>
                <![CDATA["test parallal"]]>
              </value>
            </param>
            <param index="1">
              <value>
                <![CDATA["Parallal execution with all possible way"]]>
              </value>
            </param>
          </params>
          <reporter-output>
          </reporter-output>
        </test-method> <!-- runScenario -->
        <test-method is-config="true" signature="tearDownClass()[pri:0, instance:TestRun.Test@6f204a1a]" started-at="2024-01-10T17:54:10 IST" name="tearDownClass" finished-at="2024-01-10T17:54:10 IST" duration-ms="2" status="PASS">
          <reporter-output>
          </reporter-output>
        </test-method> <!-- tearDownClass -->
      </class> <!-- TestRun.Test -->
    </test> <!-- Default test -->
  </suite> <!-- Default suite -->
</testng-results>
